\BOOKMARK [0][-]{chapter*.6}{Introducci\363n}{}% 1
\BOOKMARK [1][-]{section*.7}{Objetivos del sistema}{chapter*.6}% 2
\BOOKMARK [1][-]{section*.8}{Selecci\363n del modelo de ciclo de vida y de la metodolog\355a de desarrollo}{chapter*.6}% 3
\BOOKMARK [0][-]{chapter*.9}{Disciplina de Requisitos}{}% 4
\BOOKMARK [1][-]{section*.10}{Introducci\363n}{chapter*.9}% 5
\BOOKMARK [1][-]{section*.11}{Identificaci\363n de usuarios participantes}{chapter*.9}% 6
\BOOKMARK [1][-]{section*.12}{Educci\363n de requisitos}{chapter*.9}% 7
\BOOKMARK [2][-]{section*.13}{Estudio de Documentaci\363n. Planificaci\363n y Realizaci\363n de Entrevistas}{section*.12}% 8
\BOOKMARK [1][-]{section*.14}{Especificaci\363n de Requisitos de Software}{chapter*.9}% 9
\BOOKMARK [2][-]{section*.15}{Introducci\363n}{section*.14}% 10
\BOOKMARK [2][-]{section*.16}{Objetivos y alcance del sistema}{section*.14}% 11
\BOOKMARK [1][-]{section*.17}{Definiciones, acr\363nimos y abreviaturas}{chapter*.9}% 12
\BOOKMARK [2][-]{section*.18}{Definiciones:}{section*.17}% 13
\BOOKMARK [1][-]{section*.19}{Descripci\363n general}{chapter*.9}% 14
\BOOKMARK [2][-]{section*.20}{Proceso actual}{section*.19}% 15
\BOOKMARK [2][-]{section*.21}{Reingenier\355a de proceso}{section*.19}% 16
\BOOKMARK [1][-]{section*.22}{Requisitos espec\355ficos}{chapter*.9}% 17
\BOOKMARK [2][-]{section*.23}{Suposiciones y Dependencias:}{section*.22}% 18
\BOOKMARK [2][-]{section*.24}{Requisitos de Usuario y Tecnol\363gicos:}{section*.22}% 19
\BOOKMARK [2][-]{section*.25}{Requisitos de Interfaces Externas}{section*.22}% 20
\BOOKMARK [2][-]{section*.26}{Requisitos de Rendimiento:}{section*.22}% 21
\BOOKMARK [2][-]{section*.27}{Requisitos de Desarrollo y Restricciones de Dise\361o:}{section*.22}% 22
\BOOKMARK [2][-]{section*.28}{Ajuste a est\341ndares:}{section*.22}% 23
\BOOKMARK [2][-]{section*.29}{Seguridad:}{section*.22}% 24
\BOOKMARK [1][-]{section*.30}{Estimaci\363n del proyecto}{chapter*.9}% 25
\BOOKMARK [0][-]{chapter*.31}{Disciplina de An\341lisis}{}% 26
\BOOKMARK [1][-]{section*.32}{Vista de Casos de Uso}{chapter*.31}% 27
\BOOKMARK [2][-]{section*.33}{Casos de Uso Principales}{section*.32}% 28
\BOOKMARK [1][-]{section*.34}{Diagrama de Contexto}{chapter*.31}% 29
\BOOKMARK [1][-]{section*.35}{Diagramas de Casos de Uso}{chapter*.31}% 30
\BOOKMARK [2][-]{section*.36}{Diagrama de Casos de Uso general}{section*.35}% 31
\BOOKMARK [2][-]{section*.37}{Diagrama de Casos de Uso de Gesti\363n de Usuarios}{section*.35}% 32
\BOOKMARK [2][-]{section*.38}{Diagrama de Casos de Uso de Gesti\363n de Registros}{section*.35}% 33
\BOOKMARK [1][-]{section*.39}{Diagramas de Actividad}{chapter*.31}% 34
\BOOKMARK [2][-]{section*.40}{Inicio de Sesi\363n}{section*.39}% 35
\BOOKMARK [2][-]{section*.41}{Registrar Usuario}{section*.39}% 36
\BOOKMARK [2][-]{section*.42}{Crear Registro }{section*.39}% 37
\BOOKMARK [2][-]{section*.43}{Ver Mapa Interactivo}{section*.39}% 38
\BOOKMARK [0][-]{chapter*.44}{Disciplina de Dise\361o}{}% 39
\BOOKMARK [1][-]{section*.45}{Descripci\363n Textual de Casos de Uso}{chapter*.44}% 40
\BOOKMARK [2][-]{section*.46}{Caso de Uso 01: Un alumno no registrado desea registrarse en el sistema.}{section*.45}% 41
\BOOKMARK [2][-]{section*.47}{Caso de Uso 02: Un alumno registrado desea iniciar sesi\363n.}{section*.45}% 42
\BOOKMARK [2][-]{section*.48}{Caso de Uso 03: Un alumno registrado desea crear un registro}{section*.45}% 43
\BOOKMARK [2][-]{section*.49}{Caso de Uso 04: Un alumno registrado desea listar sus registros.}{section*.45}% 44
\BOOKMARK [2][-]{section*.50}{Caso de Uso 05: Un alumno registrado desea ver un registro en particular}{section*.45}% 45
\BOOKMARK [2][-]{section*.51}{Caso de Uso 06: Un alumno registrado desea ver el mapa general.}{section*.45}% 46
\BOOKMARK [2][-]{section*.52}{Caso de Uso 07: Un alumno registrado desea ver su perfil.}{section*.45}% 47
\BOOKMARK [2][-]{section*.53}{Caso de Uso 08: Un alumno registrado desea modificar su perfil.}{section*.45}% 48
\BOOKMARK [2][-]{section*.54}{Caso de Uso 10: Un alumno registrado desea eliminar su cuenta.}{section*.45}% 49
\BOOKMARK [2][-]{section*.55}{Caso de Uso 11: Un administrador desea iniciar sesi\363n.}{section*.45}% 50
\BOOKMARK [2][-]{section*.56}{Caso de Uso 12: Un administrador desea borrar o dar de baja un alumno.}{section*.45}% 51
\BOOKMARK [2][-]{section*.57}{Caso de Uso 13: Un administrador desea listar los alumnos.}{section*.45}% 52
\BOOKMARK [2][-]{section*.58}{Caso de Uso 14: Un administrador desea listar los registros.}{section*.45}% 53
\BOOKMARK [2][-]{section*.59}{Caso de Uso 15: Un administrador desea ver un registro en particular.}{section*.45}% 54
\BOOKMARK [2][-]{section*.60}{Caso de Uso UC16: Un administrador desea aprobar o rechazar registros.}{section*.45}% 55
\BOOKMARK [2][-]{section*.61}{Caso de Uso UC17/18/19: Un administrador desea buscar registros por fecha de creaci\363n/Instituci\363n/Indice.}{section*.45}% 56
\BOOKMARK [2][-]{section*.62}{Caso de Uso UC21: Un administrador desea exportar a Excel la informaci\363n.}{section*.45}% 57
\BOOKMARK [1][-]{section*.63}{Diagrama de Clases de Dise\361o}{chapter*.44}% 58
\BOOKMARK [1][-]{section*.64}{Diagramas de Secuencia}{chapter*.44}% 59
\BOOKMARK [2][-]{section*.65}{Autenticar}{section*.64}% 60
\BOOKMARK [2][-]{section*.66}{Registrar}{section*.64}% 61
\BOOKMARK [2][-]{section*.67}{Crear Tienda}{section*.64}% 62
\BOOKMARK [2][-]{section*.68}{Agregar Producto}{section*.64}% 63
\BOOKMARK [2][-]{section*.69}{Comprar Producto}{section*.64}% 64
\BOOKMARK [1][-]{section*.70}{Interfaz de Usuario}{chapter*.44}% 65
\BOOKMARK [0][-]{chapter*.71}{Disciplina de Implementaci\363n}{}% 66
\BOOKMARK [1][-]{section*.72}{Arquitectura de la aplicaci\363n}{chapter*.71}% 67
\BOOKMARK [1][-]{section*.73}{Diagrama de Despliegue}{chapter*.71}% 68
\BOOKMARK [1][-]{section*.74}{Elecci\363n del Lenguaje}{chapter*.71}% 69
\BOOKMARK [1][-]{section*.75}{Arquitectura de Android}{chapter*.71}% 70
\BOOKMARK [1][-]{section*.76}{PhoneGap}{chapter*.71}% 71
\BOOKMARK [2][-]{section*.77}{Ventajas de PhoneGap}{section*.76}% 72
\BOOKMARK [2][-]{section*.78}{Desventaja de phoneGap}{section*.76}% 73
\BOOKMARK [1][-]{section*.79}{Web services}{chapter*.71}% 74
\BOOKMARK [2][-]{section*.80}{Razones para crear servicios Web}{section*.79}% 75
\BOOKMARK [2][-]{section*.81}{REST}{section*.79}% 76
\BOOKMARK [1][-]{section*.83}{Caracter\355sticas de seguridad}{chapter*.71}% 77
\BOOKMARK [2][-]{section*.84}{Canal de comunicaci\363n cifrado}{section*.83}% 78
\BOOKMARK [2][-]{section*.85}{ACL para cada objeto}{section*.83}% 79
\BOOKMARK [1][-]{section*.86}{Backbone.js}{chapter*.71}% 80
\BOOKMARK [2][-]{section*.87}{Modelo Vista Presentador \(MVP\)}{section*.86}% 81
\BOOKMARK [1][-]{section*.88}{jQuery}{chapter*.71}% 82
\BOOKMARK [1][-]{section*.89}{jQuery Mobile}{chapter*.71}% 83
\BOOKMARK [1][-]{section*.90}{Herramientas de desarrollo}{chapter*.71}% 84
\BOOKMARK [0][-]{chapter*.91}{Disciplina de Pruebas}{}% 85
\BOOKMARK [1][-]{section*.92}{Test de Unidades}{chapter*.91}% 86
\BOOKMARK [2][-]{section*.93}{Introducci\363n}{section*.92}% 87
\BOOKMARK [2][-]{section*.94}{Pruebas de Caja Blanca}{section*.92}% 88
\BOOKMARK [1][-]{section*.95}{Test de M\363dulos}{chapter*.91}% 89
\BOOKMARK [2][-]{section*.96}{Introducci\363n}{section*.95}% 90
\BOOKMARK [2][-]{section*.97}{Pruebas de Caja Negra}{section*.95}% 91
\BOOKMARK [2][-]{section*.98}{Pruebas de Estr\351s}{section*.95}% 92
\BOOKMARK [1][-]{section*.99}{Test de Integraci\363n}{chapter*.91}% 93
\BOOKMARK [2][-]{section*.100}{Introducci\363n}{section*.99}% 94
\BOOKMARK [2][-]{section*.101}{Pruebas de Integraci\363n}{section*.99}% 95
\BOOKMARK [1][-]{section*.102}{Test de Aceptaci\363n}{chapter*.91}% 96
\BOOKMARK [2][-]{section*.103}{Introducci\363n}{section*.102}% 97
\BOOKMARK [2][-]{section*.104}{Prueba Alfa}{section*.102}% 98
\BOOKMARK [2][-]{section*.105}{Prueba Beta}{section*.102}% 99
\BOOKMARK [0][-]{chapter*.106}{Conclusiones}{}% 100
